# JRE version: Java(TM) SE Runtime Environment (8.0_162-b12) (build 1.8.0_162-b12)
# Java VM: Java HotSpot(TM) 64-Bit Server VM (25.162-b12 mixed mode windows-amd64 compressed oops)
Heap:
 PSYoungGen      total 155136K, used 121389K [0x00000000d5f80000, 0x00000000e3200000, 0x0000000100000000)
  eden space 141312K, 76% used [0x00000000d5f80000,0x00000000dc88b780,0x00000000de980000)
  from space 13824K, 99% used [0x00000000e2480000,0x00000000e31fff58,0x00000000e3200000)
  to   space 15360K, 0% used [0x00000000e1400000,0x00000000e1400000,0x00000000e2300000)
 ParOldGen       total 98816K, used 21266K [0x0000000081e00000, 0x0000000087e80000, 0x00000000d5f80000)
  object space 98816K, 21% used [0x0000000081e00000,0x00000000832c4918,0x0000000087e80000)
 Metaspace       used 42372K, capacity 43115K, committed 43312K, reserved 1087488K
  class space    used 5003K, capacity 5145K, committed 5168K, reserved 1048576K
GC Heap History (10 events):
Event: 4.995 GC heap before
{Heap before GC invocations=8 (full 1):
 PSYoungGen      total 106496K, used 106440K [0x00000000d5f80000, 0x00000000def00000, 0x0000000100000000)
  eden space 101376K, 100% used [0x00000000d5f80000,0x00000000dc280000,0x00000000dc280000)
  from space 5120K, 98% used [0x00000000dea00000,0x00000000deef2398,0x00000000def00000)
  to   space 8704K, 0% used [0x00000000dde00000,0x00000000dde00000,0x00000000de680000)
 ParOldGen       total 58880K, used 7346K [0x0000000081e00000, 0x0000000085780000, 0x00000000d5f80000)
  object space 58880K, 12% used [0x0000000081e00000,0x000000008252cb18,0x0000000085780000)
 Metaspace       used 29474K, capacity 29810K, committed 30128K, reserved 1075200K
  class space    used 3576K, capacity 3670K, committed 3760K, reserved 1048576K
Event: 5.002 GC heap after
Heap after GC invocations=8 (full 1):
 PSYoungGen      total 138240K, used 8690K [0x00000000d5f80000, 0x00000000e0700000, 0x0000000100000000)
  eden space 129536K, 0% used [0x00000000d5f80000,0x00000000d5f80000,0x00000000dde00000)
  from space 8704K, 99% used [0x00000000dde00000,0x00000000de67ca70,0x00000000de680000)
  to   space 11264K, 0% used [0x00000000dfc00000,0x00000000dfc00000,0x00000000e0700000)
 ParOldGen       total 58880K, used 10775K [0x0000000081e00000, 0x0000000085780000, 0x00000000d5f80000)
  object space 58880K, 18% used [0x0000000081e00000,0x0000000082885de0,0x0000000085780000)
 Metaspace       used 29474K, capacity 29810K, committed 30128K, reserved 1075200K
  class space    used 3576K, capacity 3670K, committed 3760K, reserved 1048576K
}
Event: 13.197 GC heap before
{Heap before GC invocations=9 (full 1):
 PSYoungGen      total 138240K, used 119553K [0x00000000d5f80000, 0x00000000e0700000, 0x0000000100000000)
  eden space 129536K, 85% used [0x00000000d5f80000,0x00000000dcbc3bf0,0x00000000dde00000)
  from space 8704K, 99% used [0x00000000dde00000,0x00000000de67ca70,0x00000000de680000)
  to   space 11264K, 0% used [0x00000000dfc00000,0x00000000dfc00000,0x00000000e0700000)
 ParOldGen       total 58880K, used 10775K [0x0000000081e00000, 0x0000000085780000, 0x00000000d5f80000)
  object space 58880K, 18% used [0x0000000081e00000,0x0000000082885de0,0x0000000085780000)
 Metaspace       used 34838K, capacity 35452K, committed 35496K, reserved 1081344K
  class space    used 4230K, capacity 4361K, committed 4400K, reserved 1048576K
Event: 13.205 GC heap after
Heap after GC invocations=9 (full 1):
 PSYoungGen      total 157184K, used 11254K [0x00000000d5f80000, 0x00000000e2d00000, 0x0000000100000000)
  eden space 145920K, 0% used [0x00000000d5f80000,0x00000000d5f80000,0x00000000dee00000)
  from space 11264K, 99% used [0x00000000dfc00000,0x00000000e06fd830,0x00000000e0700000)
  to   space 14336K, 0% used [0x00000000dee00000,0x00000000dee00000,0x00000000dfc00000)
 ParOldGen       total 58880K, used 15050K [0x0000000081e00000, 0x0000000085780000, 0x00000000d5f80000)
  object space 58880K, 25% used [0x0000000081e00000,0x0000000082cb2900,0x0000000085780000)
 Metaspace       used 34838K, capacity 35452K, committed 35496K, reserved 1081344K
  class space    used 4230K, capacity 4361K, committed 4400K, reserved 1048576K
}
Event: 13.205 GC heap before
{Heap before GC invocations=10 (full 2):
 PSYoungGen      total 157184K, used 11254K [0x00000000d5f80000, 0x00000000e2d00000, 0x0000000100000000)
  eden space 145920K, 0% used [0x00000000d5f80000,0x00000000d5f80000,0x00000000dee00000)
  from space 11264K, 99% used [0x00000000dfc00000,0x00000000e06fd830,0x00000000e0700000)
  to   space 14336K, 0% used [0x00000000dee00000,0x00000000dee00000,0x00000000dfc00000)
 ParOldGen       total 58880K, used 15050K [0x0000000081e00000, 0x0000000085780000, 0x00000000d5f80000)
  object space 58880K, 25% used [0x0000000081e00000,0x0000000082cb2900,0x0000000085780000)
 Metaspace       used 34838K, capacity 35452K, committed 35496K, reserved 1081344K
  class space    used 4230K, capacity 4361K, committed 4400K, reserved 1048576K
Event: 13.265 GC heap after
Heap after GC invocations=10 (full 2):
 PSYoungGen      total 157184K, used 0K [0x00000000d5f80000, 0x00000000e2d00000, 0x0000000100000000)
  eden space 145920K, 0% used [0x00000000d5f80000,0x00000000d5f80000,0x00000000dee00000)
  from space 11264K, 0% used [0x00000000dfc00000,0x00000000dfc00000,0x00000000e0700000)
  to   space 14336K, 0% used [0x00000000dee00000,0x00000000dee00000,0x00000000dfc00000)
 ParOldGen       total 98816K, used 21154K [0x0000000081e00000, 0x0000000087e80000, 0x00000000d5f80000)
  object space 98816K, 21% used [0x0000000081e00000,0x00000000832a8bb0,0x0000000087e80000)
 Metaspace       used 34838K, capacity 35452K, committed 35496K, reserved 1081344K
  class space    used 4230K, capacity 4361K, committed 4400K, reserved 1048576K
}
Event: 14.333 GC heap before
{Heap before GC invocations=11 (full 2):
 PSYoungGen      total 157184K, used 145920K [0x00000000d5f80000, 0x00000000e2d00000, 0x0000000100000000)
  eden space 145920K, 100% used [0x00000000d5f80000,0x00000000dee00000,0x00000000dee00000)
  from space 11264K, 0% used [0x00000000dfc00000,0x00000000dfc00000,0x00000000e0700000)
  to   space 14336K, 0% used [0x00000000dee00000,0x00000000dee00000,0x00000000dfc00000)
 ParOldGen       total 98816K, used 21154K [0x0000000081e00000, 0x0000000087e80000, 0x00000000d5f80000)
  object space 98816K, 21% used [0x0000000081e00000,0x00000000832a8bb0,0x0000000087e80000)
 Metaspace       used 38282K, capacity 39018K, committed 39216K, reserved 1083392K
  class space    used 4698K, capacity 4854K, committed 4912K, reserved 1048576K
Event: 14.341 GC heap after
Heap after GC invocations=11 (full 2):
 PSYoungGen      total 160256K, used 7940K [0x00000000d5f80000, 0x00000000e3200000, 0x0000000100000000)
  eden space 145920K, 0% used [0x00000000d5f80000,0x00000000d5f80000,0x00000000dee00000)
  from space 14336K, 55% used [0x00000000dee00000,0x00000000df5c1098,0x00000000dfc00000)
  to   space 13824K, 0% used [0x00000000e2480000,0x00000000e2480000,0x00000000e3200000)
 ParOldGen       total 98816K, used 21162K [0x0000000081e00000, 0x0000000087e80000, 0x00000000d5f80000)
  object space 98816K, 21% used [0x0000000081e00000,0x00000000832aabb0,0x0000000087e80000)
 Metaspace       used 38282K, capacity 39018K, committed 39216K, reserved 1083392K
  class space    used 4698K, capacity 4854K, committed 4912K, reserved 1048576K
}
Event: 1026.141 GC heap before
{Heap before GC invocations=12 (full 2):
 PSYoungGen      total 160256K, used 153860K [0x00000000d5f80000, 0x00000000e3200000, 0x0000000100000000)
  eden space 145920K, 100% used [0x00000000d5f80000,0x00000000dee00000,0x00000000dee00000)
  from space 14336K, 55% used [0x00000000dee00000,0x00000000df5c1098,0x00000000dfc00000)
  to   space 13824K, 0% used [0x00000000e2480000,0x00000000e2480000,0x00000000e3200000)
 ParOldGen       total 98816K, used 21162K [0x0000000081e00000, 0x0000000087e80000, 0x00000000d5f80000)
  object space 98816K, 21% used [0x0000000081e00000,0x00000000832aabb0,0x0000000087e80000)
 Metaspace       used 42349K, capacity 43051K, committed 43312K, reserved 1087488K
  class space    used 5002K, capacity 5145K, committed 5168K, reserved 1048576K
Event: 1026.153 GC heap after
Heap after GC invocations=12 (full 2):
 PSYoungGen      total 155136K, used 13823K [0x00000000d5f80000, 0x00000000e3200000, 0x0000000100000000)
  eden space 141312K, 0% used [0x00000000d5f80000,0x00000000d5f80000,0x00000000de980000)
  from space 13824K, 99% used [0x00000000e2480000,0x00000000e31fff58,0x00000000e3200000)
  to   space 15360K, 0% used [0x00000000e1400000,0x00000000e1400000,0x00000000e2300000)
 ParOldGen       total 98816K, used 21266K [0x0000000081e00000, 0x0000000087e80000, 0x00000000d5f80000)
  object space 98816K, 21% used [0x0000000081e00000,0x00000000832c4918,0x0000000087e80000)
 Metaspace       used 42349K, capacity 43051K, committed 43312K, reserved 1087488K
  class space    used 5002K, capacity 5145K, committed 5168K, reserved 1048576K
}

