# JRE version: Java(TM) SE Runtime Environment (8.0_162-b12) (build 1.8.0_162-b12)
# Java VM: Java HotSpot(TM) 64-Bit Server VM (25.162-b12 mixed mode windows-amd64 compressed oops)
Heap:
 PSYoungGen      total 175616K, used 109076K [0x00000000d5f80000, 0x00000000e4e00000, 0x0000000100000000)
  eden space 161792K, 58% used [0x00000000d5f80000,0x00000000dbc8ae58,0x00000000dfd80000)
  from space 13824K, 99% used [0x00000000e4080000,0x00000000e4dfa370,0x00000000e4e00000)
  to   space 14336K, 0% used [0x00000000dfd80000,0x00000000dfd80000,0x00000000e0b80000)
 ParOldGen       total 90112K, used 34401K [0x0000000081e00000, 0x0000000087600000, 0x00000000d5f80000)
  object space 90112K, 38% used [0x0000000081e00000,0x0000000083f98620,0x0000000087600000)
 Metaspace       used 44271K, capacity 45069K, committed 45184K, reserved 1089536K
  class space    used 5251K, capacity 5418K, committed 5504K, reserved 1048576K
GC Heap History (10 events):
Event: 5.456 GC heap before
{Heap before GC invocations=8 (full 1):
 PSYoungGen      total 110080K, used 109613K [0x00000000d5f80000, 0x00000000def00000, 0x0000000100000000)
  eden space 104448K, 100% used [0x00000000d5f80000,0x00000000dc580000,0x00000000dc580000)
  from space 5632K, 91% used [0x00000000de980000,0x00000000dee8b5f8,0x00000000def00000)
  to   space 8192K, 0% used [0x00000000ddf00000,0x00000000ddf00000,0x00000000de700000)
 ParOldGen       total 56320K, used 7239K [0x0000000081e00000, 0x0000000085500000, 0x00000000d5f80000)
  object space 56320K, 12% used [0x0000000081e00000,0x0000000082511de8,0x0000000085500000)
 Metaspace       used 29458K, capacity 29810K, committed 30080K, reserved 1075200K
  class space    used 3571K, capacity 3670K, committed 3712K, reserved 1048576K
Event: 5.491 GC heap after
Heap after GC invocations=8 (full 1):
 PSYoungGen      total 138752K, used 8185K [0x00000000d5f80000, 0x00000000e1680000, 0x0000000100000000)
  eden space 130560K, 0% used [0x00000000d5f80000,0x00000000d5f80000,0x00000000ddf00000)
  from space 8192K, 99% used [0x00000000ddf00000,0x00000000de6fe7d0,0x00000000de700000)
  to   space 11264K, 0% used [0x00000000e0b80000,0x00000000e0b80000,0x00000000e1680000)
 ParOldGen       total 56320K, used 11128K [0x0000000081e00000, 0x0000000085500000, 0x00000000d5f80000)
  object space 56320K, 19% used [0x0000000081e00000,0x00000000828de148,0x0000000085500000)
 Metaspace       used 29458K, capacity 29810K, committed 30080K, reserved 1075200K
  class space    used 3571K, capacity 3670K, committed 3712K, reserved 1048576K
}
Event: 13.703 GC heap before
{Heap before GC invocations=9 (full 1):
 PSYoungGen      total 138752K, used 112220K [0x00000000d5f80000, 0x00000000e1680000, 0x0000000100000000)
  eden space 130560K, 79% used [0x00000000d5f80000,0x00000000dc518b50,0x00000000ddf00000)
  from space 8192K, 99% used [0x00000000ddf00000,0x00000000de6fe7d0,0x00000000de700000)
  to   space 11264K, 0% used [0x00000000e0b80000,0x00000000e0b80000,0x00000000e1680000)
 ParOldGen       total 56320K, used 11128K [0x0000000081e00000, 0x0000000085500000, 0x00000000d5f80000)
  object space 56320K, 19% used [0x0000000081e00000,0x00000000828de148,0x0000000085500000)
 Metaspace       used 34665K, capacity 35324K, committed 35456K, reserved 1081344K
  class space    used 4215K, capacity 4361K, committed 4480K, reserved 1048576K
Event: 13.713 GC heap after
Heap after GC invocations=9 (full 1):
 PSYoungGen      total 173056K, used 11251K [0x00000000d5f80000, 0x00000000e3c80000, 0x0000000100000000)
  eden space 161792K, 0% used [0x00000000d5f80000,0x00000000d5f80000,0x00000000dfd80000)
  from space 11264K, 99% used [0x00000000e0b80000,0x00000000e167ce30,0x00000000e1680000)
  to   space 14336K, 0% used [0x00000000dfd80000,0x00000000dfd80000,0x00000000e0b80000)
 ParOldGen       total 56320K, used 14759K [0x0000000081e00000, 0x0000000085500000, 0x00000000d5f80000)
  object space 56320K, 26% used [0x0000000081e00000,0x0000000082c69ee0,0x0000000085500000)
 Metaspace       used 34665K, capacity 35324K, committed 35456K, reserved 1081344K
  class space    used 4215K, capacity 4361K, committed 4480K, reserved 1048576K
}
Event: 13.713 GC heap before
{Heap before GC invocations=10 (full 2):
 PSYoungGen      total 173056K, used 11251K [0x00000000d5f80000, 0x00000000e3c80000, 0x0000000100000000)
  eden space 161792K, 0% used [0x00000000d5f80000,0x00000000d5f80000,0x00000000dfd80000)
  from space 11264K, 99% used [0x00000000e0b80000,0x00000000e167ce30,0x00000000e1680000)
  to   space 14336K, 0% used [0x00000000dfd80000,0x00000000dfd80000,0x00000000e0b80000)
 ParOldGen       total 56320K, used 14759K [0x0000000081e00000, 0x0000000085500000, 0x00000000d5f80000)
  object space 56320K, 26% used [0x0000000081e00000,0x0000000082c69ee0,0x0000000085500000)
 Metaspace       used 34665K, capacity 35324K, committed 35456K, reserved 1081344K
  class space    used 4215K, capacity 4361K, committed 4480K, reserved 1048576K
Event: 13.775 GC heap after
Heap after GC invocations=10 (full 2):
 PSYoungGen      total 173056K, used 0K [0x00000000d5f80000, 0x00000000e3c80000, 0x0000000100000000)
  eden space 161792K, 0% used [0x00000000d5f80000,0x00000000d5f80000,0x00000000dfd80000)
  from space 11264K, 0% used [0x00000000e0b80000,0x00000000e0b80000,0x00000000e1680000)
  to   space 14336K, 0% used [0x00000000dfd80000,0x00000000dfd80000,0x00000000e0b80000)
 ParOldGen       total 90112K, used 20819K [0x0000000081e00000, 0x0000000087600000, 0x00000000d5f80000)
  object space 90112K, 23% used [0x0000000081e00000,0x0000000083254ee8,0x0000000087600000)
 Metaspace       used 34665K, capacity 35324K, committed 35456K, reserved 1081344K
  class space    used 4215K, capacity 4361K, committed 4480K, reserved 1048576K
}
Event: 14.906 GC heap before
{Heap before GC invocations=11 (full 2):
 PSYoungGen      total 173056K, used 161792K [0x00000000d5f80000, 0x00000000e3c80000, 0x0000000100000000)
  eden space 161792K, 100% used [0x00000000d5f80000,0x00000000dfd80000,0x00000000dfd80000)
  from space 11264K, 0% used [0x00000000e0b80000,0x00000000e0b80000,0x00000000e1680000)
  to   space 14336K, 0% used [0x00000000dfd80000,0x00000000dfd80000,0x00000000e0b80000)
 ParOldGen       total 90112K, used 20819K [0x0000000081e00000, 0x0000000087600000, 0x00000000d5f80000)
  object space 90112K, 23% used [0x0000000081e00000,0x0000000083254ee8,0x0000000087600000)
 Metaspace       used 38268K, capacity 39018K, committed 39168K, reserved 1083392K
  class space    used 4698K, capacity 4854K, committed 4864K, reserved 1048576K
Event: 14.912 GC heap after
Heap after GC invocations=11 (full 2):
 PSYoungGen      total 176128K, used 8453K [0x00000000d5f80000, 0x00000000e4e00000, 0x0000000100000000)
  eden space 161792K, 0% used [0x00000000d5f80000,0x00000000d5f80000,0x00000000dfd80000)
  from space 14336K, 58% used [0x00000000dfd80000,0x00000000e05c16e8,0x00000000e0b80000)
  to   space 13824K, 0% used [0x00000000e4080000,0x00000000e4080000,0x00000000e4e00000)
 ParOldGen       total 90112K, used 20827K [0x0000000081e00000, 0x0000000087600000, 0x00000000d5f80000)
  object space 90112K, 23% used [0x0000000081e00000,0x0000000083256ee8,0x0000000087600000)
 Metaspace       used 38268K, capacity 39018K, committed 39168K, reserved 1083392K
  class space    used 4698K, capacity 4854K, committed 4864K, reserved 1048576K
}
Event: 1141.532 GC heap before
{Heap before GC invocations=12 (full 2):
 PSYoungGen      total 176128K, used 170245K [0x00000000d5f80000, 0x00000000e4e00000, 0x0000000100000000)
  eden space 161792K, 100% used [0x00000000d5f80000,0x00000000dfd80000,0x00000000dfd80000)
  from space 14336K, 58% used [0x00000000dfd80000,0x00000000e05c16e8,0x00000000e0b80000)
  to   space 13824K, 0% used [0x00000000e4080000,0x00000000e4080000,0x00000000e4e00000)
 ParOldGen       total 90112K, used 20827K [0x0000000081e00000, 0x0000000087600000, 0x00000000d5f80000)
  object space 90112K, 23% used [0x0000000081e00000,0x0000000083256ee8,0x0000000087600000)
 Metaspace       used 43745K, capacity 44557K, committed 44672K, reserved 1089536K
  class space    used 5250K, capacity 5418K, committed 5504K, reserved 1048576K
Event: 1141.625 GC heap after
Heap after GC invocations=12 (full 2):
 PSYoungGen      total 175616K, used 13800K [0x00000000d5f80000, 0x00000000e4e00000, 0x0000000100000000)
  eden space 161792K, 0% used [0x00000000d5f80000,0x00000000d5f80000,0x00000000dfd80000)
  from space 13824K, 99% used [0x00000000e4080000,0x00000000e4dfa370,0x00000000e4e00000)
  to   space 14336K, 0% used [0x00000000dfd80000,0x00000000dfd80000,0x00000000e0b80000)
 ParOldGen       total 90112K, used 34401K [0x0000000081e00000, 0x0000000087600000, 0x00000000d5f80000)
  object space 90112K, 38% used [0x0000000081e00000,0x0000000083f98620,0x0000000087600000)
 Metaspace       used 43745K, capacity 44557K, committed 44672K, reserved 1089536K
  class space    used 5250K, capacity 5418K, committed 5504K, reserved 1048576K
}

